Analysis & Synthesis report for top_doorlock
Fri Jun 17 14:40:13 2022
Quartus Prime Version 18.1.0 Build 625 09/12/2018 SJ Lite Edition


---------------------
; Table of Contents ;
---------------------
  1. Legal Notice
  2. Analysis & Synthesis Summary
  3. Analysis & Synthesis Settings
  4. Parallel Compilation
  5. Analysis & Synthesis Source Files Read
  6. Analysis & Synthesis Resource Usage Summary
  7. Analysis & Synthesis Resource Utilization by Entity
  8. State Machine - |top_doorlock|state_machine:u1|state
  9. User-Specified and Inferred Latches
 10. General Register Statistics
 11. Multiplexer Restructuring Statistics (Restructuring Performed)
 12. Parameter Settings for User Entity Instance: clk_dll:u0
 13. Parameter Settings for User Entity Instance: state_machine:u1
 14. Parameter Settings for User Entity Instance: doorlock:u2
 15. Post-Synthesis Netlist Statistics for Top Partition
 16. Elapsed Time Per Partition
 17. Analysis & Synthesis Messages
 18. Analysis & Synthesis Suppressed Messages



----------------
; Legal Notice ;
----------------
Copyright (C) 2018  Intel Corporation. All rights reserved.
Your use of Intel Corporation's design tools, logic functions 
and other software and tools, and its AMPP partner logic 
functions, and any output files from any of the foregoing 
(including device programming or simulation files), and any 
associated documentation or information are expressly subject 
to the terms and conditions of the Intel Program License 
Subscription Agreement, the Intel Quartus Prime License Agreement,
the Intel FPGA IP License Agreement, or other applicable license
agreement, including, without limitation, that your use is for
the sole purpose of programming logic devices manufactured by
Intel and sold by Intel or its authorized distributors.  Please
refer to the applicable agreement for further details.



+-------------------------------------------------------------------------------+
; Analysis & Synthesis Summary                                                  ;
+---------------------------------+---------------------------------------------+
; Analysis & Synthesis Status     ; Successful - Fri Jun 17 14:40:13 2022       ;
; Quartus Prime Version           ; 18.1.0 Build 625 09/12/2018 SJ Lite Edition ;
; Revision Name                   ; top_doorlock                                ;
; Top-level Entity Name           ; top_doorlock                                ;
; Family                          ; Cyclone V                                   ;
; Logic utilization (in ALMs)     ; N/A                                         ;
; Total registers                 ; 43                                          ;
; Total pins                      ; 53                                          ;
; Total virtual pins              ; 0                                           ;
; Total block memory bits         ; 0                                           ;
; Total DSP Blocks                ; 0                                           ;
; Total HSSI RX PCSs              ; 0                                           ;
; Total HSSI PMA RX Deserializers ; 0                                           ;
; Total HSSI TX PCSs              ; 0                                           ;
; Total HSSI PMA TX Serializers   ; 0                                           ;
; Total PLLs                      ; 0                                           ;
; Total DLLs                      ; 0                                           ;
+---------------------------------+---------------------------------------------+


+---------------------------------------------------------------------------------------------------------------------------+
; Analysis & Synthesis Settings                                                                                             ;
+---------------------------------------------------------------------------------+--------------------+--------------------+
; Option                                                                          ; Setting            ; Default Value      ;
+---------------------------------------------------------------------------------+--------------------+--------------------+
; Device                                                                          ; 5CSXFC6D6F31C6     ;                    ;
; Top-level entity name                                                           ; top_doorlock       ; top_doorlock       ;
; Family name                                                                     ; Cyclone V          ; Cyclone V          ;
; Use smart compilation                                                           ; Off                ; Off                ;
; Enable parallel Assembler and Timing Analyzer during compilation                ; On                 ; On                 ;
; Enable compact report table                                                     ; Off                ; Off                ;
; Restructure Multiplexers                                                        ; Auto               ; Auto               ;
; MLAB Add Timing Constraints For Mixed-Port Feed-Through Mode Setting Don't Care ; Off                ; Off                ;
; Create Debugging Nodes for IP Cores                                             ; Off                ; Off                ;
; Preserve fewer node names                                                       ; On                 ; On                 ;
; Intel FPGA IP Evaluation Mode                                                   ; Enable             ; Enable             ;
; Verilog Version                                                                 ; Verilog_2001       ; Verilog_2001       ;
; VHDL Version                                                                    ; VHDL_1993          ; VHDL_1993          ;
; State Machine Processing                                                        ; Auto               ; Auto               ;
; Safe State Machine                                                              ; Off                ; Off                ;
; Extract Verilog State Machines                                                  ; On                 ; On                 ;
; Extract VHDL State Machines                                                     ; On                 ; On                 ;
; Ignore Verilog initial constructs                                               ; Off                ; Off                ;
; Iteration limit for constant Verilog loops                                      ; 5000               ; 5000               ;
; Iteration limit for non-constant Verilog loops                                  ; 250                ; 250                ;
; Add Pass-Through Logic to Inferred RAMs                                         ; On                 ; On                 ;
; Infer RAMs from Raw Logic                                                       ; On                 ; On                 ;
; Parallel Synthesis                                                              ; On                 ; On                 ;
; DSP Block Balancing                                                             ; Auto               ; Auto               ;
; NOT Gate Push-Back                                                              ; On                 ; On                 ;
; Power-Up Don't Care                                                             ; On                 ; On                 ;
; Remove Redundant Logic Cells                                                    ; Off                ; Off                ;
; Remove Duplicate Registers                                                      ; On                 ; On                 ;
; Ignore CARRY Buffers                                                            ; Off                ; Off                ;
; Ignore CASCADE Buffers                                                          ; Off                ; Off                ;
; Ignore GLOBAL Buffers                                                           ; Off                ; Off                ;
; Ignore ROW GLOBAL Buffers                                                       ; Off                ; Off                ;
; Ignore LCELL Buffers                                                            ; Off                ; Off                ;
; Ignore SOFT Buffers                                                             ; On                 ; On                 ;
; Limit AHDL Integers to 32 Bits                                                  ; Off                ; Off                ;
; Optimization Technique                                                          ; Balanced           ; Balanced           ;
; Carry Chain Length                                                              ; 70                 ; 70                 ;
; Auto Carry Chains                                                               ; On                 ; On                 ;
; Auto Open-Drain Pins                                                            ; On                 ; On                 ;
; Perform WYSIWYG Primitive Resynthesis                                           ; Off                ; Off                ;
; Auto ROM Replacement                                                            ; On                 ; On                 ;
; Auto RAM Replacement                                                            ; On                 ; On                 ;
; Auto DSP Block Replacement                                                      ; On                 ; On                 ;
; Auto Shift Register Replacement                                                 ; Auto               ; Auto               ;
; Allow Shift Register Merging across Hierarchies                                 ; Auto               ; Auto               ;
; Auto Clock Enable Replacement                                                   ; On                 ; On                 ;
; Strict RAM Replacement                                                          ; Off                ; Off                ;
; Allow Synchronous Control Signals                                               ; On                 ; On                 ;
; Force Use of Synchronous Clear Signals                                          ; Off                ; Off                ;
; Auto Resource Sharing                                                           ; Off                ; Off                ;
; Allow Any RAM Size For Recognition                                              ; Off                ; Off                ;
; Allow Any ROM Size For Recognition                                              ; Off                ; Off                ;
; Allow Any Shift Register Size For Recognition                                   ; Off                ; Off                ;
; Use LogicLock Constraints during Resource Balancing                             ; On                 ; On                 ;
; Ignore translate_off and synthesis_off directives                               ; Off                ; Off                ;
; Timing-Driven Synthesis                                                         ; On                 ; On                 ;
; Report Parameter Settings                                                       ; On                 ; On                 ;
; Report Source Assignments                                                       ; On                 ; On                 ;
; Report Connectivity Checks                                                      ; On                 ; On                 ;
; Ignore Maximum Fan-Out Assignments                                              ; Off                ; Off                ;
; Synchronization Register Chain Length                                           ; 3                  ; 3                  ;
; Power Optimization During Synthesis                                             ; Normal compilation ; Normal compilation ;
; HDL message level                                                               ; Level2             ; Level2             ;
; Suppress Register Optimization Related Messages                                 ; Off                ; Off                ;
; Number of Removed Registers Reported in Synthesis Report                        ; 5000               ; 5000               ;
; Number of Swept Nodes Reported in Synthesis Report                              ; 5000               ; 5000               ;
; Number of Inverted Registers Reported in Synthesis Report                       ; 100                ; 100                ;
; Clock MUX Protection                                                            ; On                 ; On                 ;
; Auto Gated Clock Conversion                                                     ; Off                ; Off                ;
; Block Design Naming                                                             ; Auto               ; Auto               ;
; SDC constraint protection                                                       ; Off                ; Off                ;
; Synthesis Effort                                                                ; Auto               ; Auto               ;
; Shift Register Replacement - Allow Asynchronous Clear Signal                    ; On                 ; On                 ;
; Pre-Mapping Resynthesis Optimization                                            ; Off                ; Off                ;
; Analysis & Synthesis Message Level                                              ; Medium             ; Medium             ;
; Disable Register Merging Across Hierarchies                                     ; Auto               ; Auto               ;
; Resource Aware Inference For Block RAM                                          ; On                 ; On                 ;
; Automatic Parallel Synthesis                                                    ; On                 ; On                 ;
; Partial Reconfiguration Bitstream ID                                            ; Off                ; Off                ;
+---------------------------------------------------------------------------------+--------------------+--------------------+


+------------------------------------------+
; Parallel Compilation                     ;
+----------------------------+-------------+
; Processors                 ; Number      ;
+----------------------------+-------------+
; Number detected on machine ; 8           ;
; Maximum allowed            ; 4           ;
;                            ;             ;
; Average used               ; 1.00        ;
; Maximum used               ; 4           ;
;                            ;             ;
; Usage by Processor         ; % Time Used ;
;     Processor 1            ; 100.0%      ;
;     Processors 2-4         ;   0.0%      ;
+----------------------------+-------------+


+-------------------------------------------------------------------------------------------------------------------------------------------+
; Analysis & Synthesis Source Files Read                                                                                                    ;
+----------------------------------+-----------------+------------------------+---------------------------------------------------+---------+
; File Name with User-Entered Path ; Used in Netlist ; File Type              ; File Name with Absolute Path                      ; Library ;
+----------------------------------+-----------------+------------------------+---------------------------------------------------+---------+
; top_doorlock.v                   ; yes             ; User Verilog HDL File  ; C:/Github_Workspace/FPGA/doorlock/top_doorlock.v  ;         ;
; state_machine.v                  ; yes             ; User Verilog HDL File  ; C:/Github_Workspace/FPGA/doorlock/state_machine.v ;         ;
; seg7.v                           ; yes             ; User Verilog HDL File  ; C:/Github_Workspace/FPGA/doorlock/seg7.v          ;         ;
; doorlock.v                       ; yes             ; User Verilog HDL File  ; C:/Github_Workspace/FPGA/doorlock/doorlock.v      ;         ;
; clk_dll.v                        ; yes             ; User Verilog HDL File  ; C:/Github_Workspace/FPGA/doorlock/clk_dll.v       ;         ;
+----------------------------------+-----------------+------------------------+---------------------------------------------------+---------+


+---------------------------------------------------------+
; Analysis & Synthesis Resource Usage Summary             ;
+---------------------------------------------+-----------+
; Resource                                    ; Usage     ;
+---------------------------------------------+-----------+
; Estimate of Logic utilization (ALMs needed) ; 39        ;
;                                             ;           ;
; Combinational ALUT usage for logic          ; 69        ;
;     -- 7 input functions                    ; 0         ;
;     -- 6 input functions                    ; 8         ;
;     -- 5 input functions                    ; 5         ;
;     -- 4 input functions                    ; 9         ;
;     -- <=3 input functions                  ; 47        ;
;                                             ;           ;
; Dedicated logic registers                   ; 43        ;
;                                             ;           ;
; I/O pins                                    ; 53        ;
;                                             ;           ;
; Total DSP Blocks                            ; 0         ;
;                                             ;           ;
; Maximum fan-out node                        ; rst~input ;
; Maximum fan-out                             ; 43        ;
; Total fan-out                               ; 461       ;
; Average fan-out                             ; 2.11      ;
+---------------------------------------------+-----------+


+-----------------------------------------------------------------------------------------------------------------------------------------------------------------------------------------------------+
; Analysis & Synthesis Resource Utilization by Entity                                                                                                                                                 ;
+----------------------------+---------------------+---------------------------+-------------------+------------+------+--------------+--------------------------------+---------------+--------------+
; Compilation Hierarchy Node ; Combinational ALUTs ; Dedicated Logic Registers ; Block Memory Bits ; DSP Blocks ; Pins ; Virtual Pins ; Full Hierarchy Name            ; Entity Name   ; Library Name ;
+----------------------------+---------------------+---------------------------+-------------------+------------+------+--------------+--------------------------------+---------------+--------------+
; |top_doorlock              ; 69 (0)              ; 43 (0)                    ; 0                 ; 0          ; 53   ; 0            ; |top_doorlock                  ; top_doorlock  ; work         ;
;    |clk_dll:u0|            ; 37 (37)             ; 26 (26)                   ; 0                 ; 0          ; 0    ; 0            ; |top_doorlock|clk_dll:u0       ; clk_dll       ; work         ;
;    |doorlock:u2|           ; 6 (6)               ; 0 (0)                     ; 0                 ; 0          ; 0    ; 0            ; |top_doorlock|doorlock:u2      ; doorlock      ; work         ;
;    |seg7:u3|               ; 1 (1)               ; 0 (0)                     ; 0                 ; 0          ; 0    ; 0            ; |top_doorlock|seg7:u3          ; seg7          ; work         ;
;    |state_machine:u1|      ; 25 (25)             ; 17 (17)                   ; 0                 ; 0          ; 0    ; 0            ; |top_doorlock|state_machine:u1 ; state_machine ; work         ;
+----------------------------+---------------------+---------------------------+-------------------+------------+------+--------------+--------------------------------+---------------+--------------+
Note: For table entries with two numbers listed, the numbers in parentheses indicate the number of resources of the given type used by the specific entity alone. The numbers listed outside of parentheses indicate the total resources of the given type used by the specific entity and all of its sub-entities in the hierarchy.


Encoding Type:  One-Hot
+----------------------------------------------------------------------------+
; State Machine - |top_doorlock|state_machine:u1|state                       ;
+-------------------+------------------+-----------------+-------------------+
; Name              ; state.STATE_IDLE ; state.STATE_END ; state.STATE_START ;
+-------------------+------------------+-----------------+-------------------+
; state.STATE_IDLE  ; 0                ; 0               ; 0                 ;
; state.STATE_START ; 1                ; 0               ; 1                 ;
; state.STATE_END   ; 1                ; 1               ; 0                 ;
+-------------------+------------------+-----------------+-------------------+


+-------------------------------------------------------------------------------------------------------------------+
; User-Specified and Inferred Latches                                                                               ;
+-----------------------------------------------------+------------------------------------+------------------------+
; Latch Name                                          ; Latch Enable Signal                ; Free of Timing Hazards ;
+-----------------------------------------------------+------------------------------------+------------------------+
; doorlock:u2|pw[0]                                   ; state_machine:u1|state.STATE_START ; yes                    ;
; doorlock:u2|pw[2]                                   ; state_machine:u1|state.STATE_START ; yes                    ;
; doorlock:u2|pw[3]                                   ; state_machine:u1|state.STATE_START ; yes                    ;
; doorlock:u2|pw[1]                                   ; state_machine:u1|state.STATE_START ; yes                    ;
; seg7:u3|w1[0]                                       ; seg7:u3|Mux4                       ; yes                    ;
; seg7:u3|w1[3]                                       ; seg7:u3|Mux4                       ; yes                    ;
; seg7:u3|w1[4]                                       ; seg7:u3|Mux4                       ; yes                    ;
; seg7:u3|w1[5]                                       ; seg7:u3|Mux4                       ; yes                    ;
; seg7:u3|w1[6]                                       ; seg7:u3|Mux4                       ; yes                    ;
; seg7:u3|w2[3]                                       ; seg7:u3|Mux4                       ; yes                    ;
; seg7:u3|w2[4]                                       ; seg7:u3|Mux4                       ; yes                    ;
; seg7:u3|w2[5]                                       ; seg7:u3|Mux4                       ; yes                    ;
; seg7:u3|w2[6]                                       ; seg7:u3|Mux4                       ; yes                    ;
; seg7:u3|w3[0]                                       ; seg7:u3|Mux4                       ; yes                    ;
; seg7:u3|w3[1]                                       ; seg7:u3|Mux4                       ; yes                    ;
; seg7:u3|w3[2]                                       ; seg7:u3|Mux4                       ; yes                    ;
; seg7:u3|w3[3]                                       ; seg7:u3|Mux4                       ; yes                    ;
; seg7:u3|w3[4]                                       ; seg7:u3|Mux4                       ; yes                    ;
; seg7:u3|w3[5]                                       ; seg7:u3|Mux4                       ; yes                    ;
; seg7:u3|w3[6]                                       ; seg7:u3|Mux4                       ; yes                    ;
; seg7:u3|w4[0]                                       ; seg7:u3|Mux4                       ; yes                    ;
; seg7:u3|w4[1]                                       ; seg7:u3|Mux4                       ; yes                    ;
; seg7:u3|w4[2]                                       ; seg7:u3|Mux4                       ; yes                    ;
; seg7:u3|w4[3]                                       ; seg7:u3|Mux4                       ; yes                    ;
; seg7:u3|w4[4]                                       ; seg7:u3|Mux4                       ; yes                    ;
; seg7:u3|w4[5]                                       ; seg7:u3|Mux4                       ; yes                    ;
; seg7:u3|w5[0]                                       ; seg7:u3|Mux4                       ; yes                    ;
; seg7:u3|w5[3]                                       ; seg7:u3|Mux4                       ; yes                    ;
; seg7:u3|w5[4]                                       ; seg7:u3|Mux4                       ; yes                    ;
; seg7:u3|w5[5]                                       ; seg7:u3|Mux4                       ; yes                    ;
; seg7:u3|w6[1]                                       ; seg7:u3|Mux4                       ; yes                    ;
; seg7:u3|w6[2]                                       ; seg7:u3|Mux4                       ; yes                    ;
; seg7:u3|w6[3]                                       ; seg7:u3|Mux4                       ; yes                    ;
; seg7:u3|w6[4]                                       ; seg7:u3|Mux4                       ; yes                    ;
; Number of user-specified and inferred latches = 34  ;                                    ;                        ;
+-----------------------------------------------------+------------------------------------+------------------------+
Note: All latches listed above may not be present at the end of synthesis due to various synthesis optimizations.


+------------------------------------------------------+
; General Register Statistics                          ;
+----------------------------------------------+-------+
; Statistic                                    ; Value ;
+----------------------------------------------+-------+
; Total registers                              ; 43    ;
; Number of registers using Synchronous Clear  ; 39    ;
; Number of registers using Synchronous Load   ; 0     ;
; Number of registers using Asynchronous Clear ; 43    ;
; Number of registers using Asynchronous Load  ; 0     ;
; Number of registers using Clock Enable       ; 0     ;
; Number of registers using Preset             ; 0     ;
+----------------------------------------------+-------+


+----------------------------------------------------------------------------------------------------------------------------------------------+
; Multiplexer Restructuring Statistics (Restructuring Performed)                                                                               ;
+--------------------+-----------+---------------+----------------------+------------------------+------------+--------------------------------+
; Multiplexer Inputs ; Bus Width ; Baseline Area ; Area if Restructured ; Saving if Restructured ; Registered ; Example Multiplexer Output     ;
+--------------------+-----------+---------------+----------------------+------------------------+------------+--------------------------------+
; 3:1                ; 2 bits    ; 4 LEs         ; 4 LEs                ; 0 LEs                  ; No         ; |top_doorlock|doorlock:u2|Mux1 ;
+--------------------+-----------+---------------+----------------------+------------------------+------------+--------------------------------+


+---------------------------------------------------------+
; Parameter Settings for User Entity Instance: clk_dll:u0 ;
+----------------+--------+-------------------------------+
; Parameter Name ; Value  ; Type                          ;
+----------------+--------+-------------------------------+
; DIVIDER        ; 249999 ; Signed Integer                ;
+----------------+--------+-------------------------------+
Note: In order to hide this table in the UI and the text report file, please set the "Show Parameter Settings in Synthesis Report" option in "Analysis and Synthesis Settings -> More Settings" to "Off".


+---------------------------------------------------------------+
; Parameter Settings for User Entity Instance: state_machine:u1 ;
+----------------+-------+--------------------------------------+
; Parameter Name ; Value ; Type                                 ;
+----------------+-------+--------------------------------------+
; STATE_IDLE     ; 00    ; Unsigned Binary                      ;
; STATE_START    ; 01    ; Unsigned Binary                      ;
; STATE_END      ; 10    ; Unsigned Binary                      ;
; DELAY          ; 499   ; Signed Integer                       ;
+----------------+-------+--------------------------------------+
Note: In order to hide this table in the UI and the text report file, please set the "Show Parameter Settings in Synthesis Report" option in "Analysis and Synthesis Settings -> More Settings" to "Off".


+----------------------------------------------------------+
; Parameter Settings for User Entity Instance: doorlock:u2 ;
+----------------+-------+---------------------------------+
; Parameter Name ; Value ; Type                            ;
+----------------+-------+---------------------------------+
; PASSWORD       ; 1101  ; Unsigned Binary                 ;
+----------------+-------+---------------------------------+
Note: In order to hide this table in the UI and the text report file, please set the "Show Parameter Settings in Synthesis Report" option in "Analysis and Synthesis Settings -> More Settings" to "Off".


+-----------------------------------------------------+
; Post-Synthesis Netlist Statistics for Top Partition ;
+-----------------------+-----------------------------+
; Type                  ; Count                       ;
+-----------------------+-----------------------------+
; arriav_ff             ; 43                          ;
;     CLR               ; 4                           ;
;     CLR SCLR          ; 39                          ;
; arriav_lcell_comb     ; 74                          ;
;     arith             ; 39                          ;
;         1 data inputs ; 39                          ;
;     normal            ; 35                          ;
;         0 data inputs ; 2                           ;
;         1 data inputs ; 3                           ;
;         2 data inputs ; 2                           ;
;         3 data inputs ; 6                           ;
;         4 data inputs ; 9                           ;
;         5 data inputs ; 5                           ;
;         6 data inputs ; 8                           ;
; boundary_port         ; 53                          ;
;                       ;                             ;
; Max LUT depth         ; 3.40                        ;
; Average LUT depth     ; 2.43                        ;
+-----------------------+-----------------------------+


+-------------------------------+
; Elapsed Time Per Partition    ;
+----------------+--------------+
; Partition Name ; Elapsed Time ;
+----------------+--------------+
; Top            ; 00:00:00     ;
+----------------+--------------+


+-------------------------------+
; Analysis & Synthesis Messages ;
+-------------------------------+
Info: *******************************************************************
Info: Running Quartus Prime Analysis & Synthesis
    Info: Version 18.1.0 Build 625 09/12/2018 SJ Lite Edition
    Info: Processing started: Fri Jun 17 14:40:00 2022
Info: Command: quartus_map --read_settings_files=on --write_settings_files=off top_doorlock -c top_doorlock
Warning (18236): Number of processors has not been specified which may cause overloading on shared machines.  Set the global assignment NUM_PARALLEL_PROCESSORS in your QSF to an appropriate value for best performance.
Info (20030): Parallel compilation is enabled and will use 4 of the 4 processors detected
Info (12021): Found 1 design units, including 1 entities, in source file top_doorlock.v
    Info (12023): Found entity 1: top_doorlock File: C:/Github_Workspace/FPGA/doorlock/top_doorlock.v Line: 1
Info (12021): Found 1 design units, including 1 entities, in source file state_machine.v
    Info (12023): Found entity 1: state_machine File: C:/Github_Workspace/FPGA/doorlock/state_machine.v Line: 1
Info (12021): Found 1 design units, including 1 entities, in source file seg7.v
    Info (12023): Found entity 1: seg7 File: C:/Github_Workspace/FPGA/doorlock/seg7.v Line: 1
Info (12021): Found 1 design units, including 1 entities, in source file doorlock.v
    Info (12023): Found entity 1: doorlock File: C:/Github_Workspace/FPGA/doorlock/doorlock.v Line: 1
Info (12021): Found 1 design units, including 1 entities, in source file clk_dll.v
    Info (12023): Found entity 1: clk_dll File: C:/Github_Workspace/FPGA/doorlock/clk_dll.v Line: 1
Info (12127): Elaborating entity "top_doorlock" for the top level hierarchy
Info (12128): Elaborating entity "clk_dll" for hierarchy "clk_dll:u0" File: C:/Github_Workspace/FPGA/doorlock/top_doorlock.v Line: 23
Warning (10230): Verilog HDL assignment warning at clk_dll.v(17): truncated value with size 32 to match size of target (25) File: C:/Github_Workspace/FPGA/doorlock/clk_dll.v Line: 17
Info (12128): Elaborating entity "state_machine" for hierarchy "state_machine:u1" File: C:/Github_Workspace/FPGA/doorlock/top_doorlock.v Line: 24
Warning (10230): Verilog HDL assignment warning at state_machine.v(22): truncated value with size 32 to match size of target (14) File: C:/Github_Workspace/FPGA/doorlock/state_machine.v Line: 22
Warning (10235): Verilog HDL Always Construct warning at state_machine.v(38): variable "cnt_clk" is read inside the Always Construct but isn't in the Always Construct's Event Control File: C:/Github_Workspace/FPGA/doorlock/state_machine.v Line: 38
Info (12128): Elaborating entity "doorlock" for hierarchy "doorlock:u2" File: C:/Github_Workspace/FPGA/doorlock/top_doorlock.v Line: 25
Warning (10235): Verilog HDL Always Construct warning at doorlock.v(26): variable "ps_num" is read inside the Always Construct but isn't in the Always Construct's Event Control File: C:/Github_Workspace/FPGA/doorlock/doorlock.v Line: 26
Warning (10235): Verilog HDL Always Construct warning at doorlock.v(30): variable "pw" is read inside the Always Construct but isn't in the Always Construct's Event Control File: C:/Github_Workspace/FPGA/doorlock/doorlock.v Line: 30
Warning (10270): Verilog HDL Case Statement warning at doorlock.v(16): incomplete case statement has no default case item File: C:/Github_Workspace/FPGA/doorlock/doorlock.v Line: 16
Warning (10240): Verilog HDL Always Construct warning at doorlock.v(15): inferring latch(es) for variable "door_open", which holds its previous value in one or more paths through the always construct File: C:/Github_Workspace/FPGA/doorlock/doorlock.v Line: 15
Warning (10240): Verilog HDL Always Construct warning at doorlock.v(15): inferring latch(es) for variable "seg_out", which holds its previous value in one or more paths through the always construct File: C:/Github_Workspace/FPGA/doorlock/doorlock.v Line: 15
Warning (10240): Verilog HDL Always Construct warning at doorlock.v(15): inferring latch(es) for variable "pw", which holds its previous value in one or more paths through the always construct File: C:/Github_Workspace/FPGA/doorlock/doorlock.v Line: 15
Info (10041): Inferred latch for "pw[0]" at doorlock.v(15) File: C:/Github_Workspace/FPGA/doorlock/doorlock.v Line: 15
Info (10041): Inferred latch for "pw[1]" at doorlock.v(15) File: C:/Github_Workspace/FPGA/doorlock/doorlock.v Line: 15
Info (10041): Inferred latch for "pw[2]" at doorlock.v(15) File: C:/Github_Workspace/FPGA/doorlock/doorlock.v Line: 15
Info (10041): Inferred latch for "pw[3]" at doorlock.v(15) File: C:/Github_Workspace/FPGA/doorlock/doorlock.v Line: 15
Info (10041): Inferred latch for "seg_out[0]" at doorlock.v(15) File: C:/Github_Workspace/FPGA/doorlock/doorlock.v Line: 15
Info (10041): Inferred latch for "seg_out[1]" at doorlock.v(15) File: C:/Github_Workspace/FPGA/doorlock/doorlock.v Line: 15
Info (10041): Inferred latch for "door_open" at doorlock.v(15) File: C:/Github_Workspace/FPGA/doorlock/doorlock.v Line: 15
Info (12128): Elaborating entity "seg7" for hierarchy "seg7:u3" File: C:/Github_Workspace/FPGA/doorlock/top_doorlock.v Line: 26
Warning (10270): Verilog HDL Case Statement warning at seg7.v(14): incomplete case statement has no default case item File: C:/Github_Workspace/FPGA/doorlock/seg7.v Line: 14
Warning (10240): Verilog HDL Always Construct warning at seg7.v(13): inferring latch(es) for variable "w1", which holds its previous value in one or more paths through the always construct File: C:/Github_Workspace/FPGA/doorlock/seg7.v Line: 13
Warning (10240): Verilog HDL Always Construct warning at seg7.v(13): inferring latch(es) for variable "w2", which holds its previous value in one or more paths through the always construct File: C:/Github_Workspace/FPGA/doorlock/seg7.v Line: 13
Warning (10240): Verilog HDL Always Construct warning at seg7.v(13): inferring latch(es) for variable "w3", which holds its previous value in one or more paths through the always construct File: C:/Github_Workspace/FPGA/doorlock/seg7.v Line: 13
Warning (10240): Verilog HDL Always Construct warning at seg7.v(13): inferring latch(es) for variable "w4", which holds its previous value in one or more paths through the always construct File: C:/Github_Workspace/FPGA/doorlock/seg7.v Line: 13
Warning (10240): Verilog HDL Always Construct warning at seg7.v(13): inferring latch(es) for variable "w5", which holds its previous value in one or more paths through the always construct File: C:/Github_Workspace/FPGA/doorlock/seg7.v Line: 13
Warning (10240): Verilog HDL Always Construct warning at seg7.v(13): inferring latch(es) for variable "w6", which holds its previous value in one or more paths through the always construct File: C:/Github_Workspace/FPGA/doorlock/seg7.v Line: 13
Info (10041): Inferred latch for "w6[0]" at seg7.v(13) File: C:/Github_Workspace/FPGA/doorlock/seg7.v Line: 13
Info (10041): Inferred latch for "w6[1]" at seg7.v(13) File: C:/Github_Workspace/FPGA/doorlock/seg7.v Line: 13
Info (10041): Inferred latch for "w6[2]" at seg7.v(13) File: C:/Github_Workspace/FPGA/doorlock/seg7.v Line: 13
Info (10041): Inferred latch for "w6[3]" at seg7.v(13) File: C:/Github_Workspace/FPGA/doorlock/seg7.v Line: 13
Info (10041): Inferred latch for "w6[4]" at seg7.v(13) File: C:/Github_Workspace/FPGA/doorlock/seg7.v Line: 13
Info (10041): Inferred latch for "w6[5]" at seg7.v(13) File: C:/Github_Workspace/FPGA/doorlock/seg7.v Line: 13
Info (10041): Inferred latch for "w6[6]" at seg7.v(13) File: C:/Github_Workspace/FPGA/doorlock/seg7.v Line: 13
Info (10041): Inferred latch for "w5[0]" at seg7.v(13) File: C:/Github_Workspace/FPGA/doorlock/seg7.v Line: 13
Info (10041): Inferred latch for "w5[1]" at seg7.v(13) File: C:/Github_Workspace/FPGA/doorlock/seg7.v Line: 13
Info (10041): Inferred latch for "w5[2]" at seg7.v(13) File: C:/Github_Workspace/FPGA/doorlock/seg7.v Line: 13
Info (10041): Inferred latch for "w5[3]" at seg7.v(13) File: C:/Github_Workspace/FPGA/doorlock/seg7.v Line: 13
Info (10041): Inferred latch for "w5[4]" at seg7.v(13) File: C:/Github_Workspace/FPGA/doorlock/seg7.v Line: 13
Info (10041): Inferred latch for "w5[5]" at seg7.v(13) File: C:/Github_Workspace/FPGA/doorlock/seg7.v Line: 13
Info (10041): Inferred latch for "w5[6]" at seg7.v(13) File: C:/Github_Workspace/FPGA/doorlock/seg7.v Line: 13
Info (10041): Inferred latch for "w4[0]" at seg7.v(13) File: C:/Github_Workspace/FPGA/doorlock/seg7.v Line: 13
Info (10041): Inferred latch for "w4[1]" at seg7.v(13) File: C:/Github_Workspace/FPGA/doorlock/seg7.v Line: 13
Info (10041): Inferred latch for "w4[2]" at seg7.v(13) File: C:/Github_Workspace/FPGA/doorlock/seg7.v Line: 13
Info (10041): Inferred latch for "w4[3]" at seg7.v(13) File: C:/Github_Workspace/FPGA/doorlock/seg7.v Line: 13
Info (10041): Inferred latch for "w4[4]" at seg7.v(13) File: C:/Github_Workspace/FPGA/doorlock/seg7.v Line: 13
Info (10041): Inferred latch for "w4[5]" at seg7.v(13) File: C:/Github_Workspace/FPGA/doorlock/seg7.v Line: 13
Info (10041): Inferred latch for "w4[6]" at seg7.v(13) File: C:/Github_Workspace/FPGA/doorlock/seg7.v Line: 13
Info (10041): Inferred latch for "w3[0]" at seg7.v(13) File: C:/Github_Workspace/FPGA/doorlock/seg7.v Line: 13
Info (10041): Inferred latch for "w3[1]" at seg7.v(13) File: C:/Github_Workspace/FPGA/doorlock/seg7.v Line: 13
Info (10041): Inferred latch for "w3[2]" at seg7.v(13) File: C:/Github_Workspace/FPGA/doorlock/seg7.v Line: 13
Info (10041): Inferred latch for "w3[3]" at seg7.v(13) File: C:/Github_Workspace/FPGA/doorlock/seg7.v Line: 13
Info (10041): Inferred latch for "w3[4]" at seg7.v(13) File: C:/Github_Workspace/FPGA/doorlock/seg7.v Line: 13
Info (10041): Inferred latch for "w3[5]" at seg7.v(13) File: C:/Github_Workspace/FPGA/doorlock/seg7.v Line: 13
Info (10041): Inferred latch for "w3[6]" at seg7.v(13) File: C:/Github_Workspace/FPGA/doorlock/seg7.v Line: 13
Info (10041): Inferred latch for "w2[0]" at seg7.v(13) File: C:/Github_Workspace/FPGA/doorlock/seg7.v Line: 13
Info (10041): Inferred latch for "w2[1]" at seg7.v(13) File: C:/Github_Workspace/FPGA/doorlock/seg7.v Line: 13
Info (10041): Inferred latch for "w2[2]" at seg7.v(13) File: C:/Github_Workspace/FPGA/doorlock/seg7.v Line: 13
Info (10041): Inferred latch for "w2[3]" at seg7.v(13) File: C:/Github_Workspace/FPGA/doorlock/seg7.v Line: 13
Info (10041): Inferred latch for "w2[4]" at seg7.v(13) File: C:/Github_Workspace/FPGA/doorlock/seg7.v Line: 13
Info (10041): Inferred latch for "w2[5]" at seg7.v(13) File: C:/Github_Workspace/FPGA/doorlock/seg7.v Line: 13
Info (10041): Inferred latch for "w2[6]" at seg7.v(13) File: C:/Github_Workspace/FPGA/doorlock/seg7.v Line: 13
Info (10041): Inferred latch for "w1[0]" at seg7.v(13) File: C:/Github_Workspace/FPGA/doorlock/seg7.v Line: 13
Info (10041): Inferred latch for "w1[1]" at seg7.v(13) File: C:/Github_Workspace/FPGA/doorlock/seg7.v Line: 13
Info (10041): Inferred latch for "w1[2]" at seg7.v(13) File: C:/Github_Workspace/FPGA/doorlock/seg7.v Line: 13
Info (10041): Inferred latch for "w1[3]" at seg7.v(13) File: C:/Github_Workspace/FPGA/doorlock/seg7.v Line: 13
Info (10041): Inferred latch for "w1[4]" at seg7.v(13) File: C:/Github_Workspace/FPGA/doorlock/seg7.v Line: 13
Info (10041): Inferred latch for "w1[5]" at seg7.v(13) File: C:/Github_Workspace/FPGA/doorlock/seg7.v Line: 13
Info (10041): Inferred latch for "w1[6]" at seg7.v(13) File: C:/Github_Workspace/FPGA/doorlock/seg7.v Line: 13
Warning (14026): LATCH primitive "doorlock:u2|door_open" is permanently enabled File: C:/Github_Workspace/FPGA/doorlock/doorlock.v Line: 7
Warning (14026): LATCH primitive "doorlock:u2|seg_out[1]" is permanently enabled File: C:/Github_Workspace/FPGA/doorlock/doorlock.v Line: 15
Warning (14026): LATCH primitive "doorlock:u2|seg_out[0]" is permanently enabled File: C:/Github_Workspace/FPGA/doorlock/doorlock.v Line: 15
Info (13025): Duplicate LATCH primitives merged into single LATCH primitive
    Info (13026): Duplicate LATCH primitive "seg7:u3|w1[5]" merged with LATCH primitive "seg7:u3|w1[0]" File: C:/Github_Workspace/FPGA/doorlock/seg7.v Line: 13
    Info (13026): Duplicate LATCH primitive "seg7:u3|w1[4]" merged with LATCH primitive "seg7:u3|w1[0]" File: C:/Github_Workspace/FPGA/doorlock/seg7.v Line: 13
    Info (13026): Duplicate LATCH primitive "seg7:u3|w1[3]" merged with LATCH primitive "seg7:u3|w1[0]" File: C:/Github_Workspace/FPGA/doorlock/seg7.v Line: 13
    Info (13026): Duplicate LATCH primitive "seg7:u3|w2[5]" merged with LATCH primitive "seg7:u3|w1[0]" File: C:/Github_Workspace/FPGA/doorlock/seg7.v Line: 13
    Info (13026): Duplicate LATCH primitive "seg7:u3|w2[4]" merged with LATCH primitive "seg7:u3|w1[0]" File: C:/Github_Workspace/FPGA/doorlock/seg7.v Line: 13
    Info (13026): Duplicate LATCH primitive "seg7:u3|w2[3]" merged with LATCH primitive "seg7:u3|w1[0]" File: C:/Github_Workspace/FPGA/doorlock/seg7.v Line: 13
    Info (13026): Duplicate LATCH primitive "seg7:u3|w4[3]" merged with LATCH primitive "seg7:u3|w1[0]" File: C:/Github_Workspace/FPGA/doorlock/seg7.v Line: 13
    Info (13026): Duplicate LATCH primitive "seg7:u3|w4[2]" merged with LATCH primitive "seg7:u3|w1[0]" File: C:/Github_Workspace/FPGA/doorlock/seg7.v Line: 13
    Info (13026): Duplicate LATCH primitive "seg7:u3|w6[3]" merged with LATCH primitive "seg7:u3|w1[0]" File: C:/Github_Workspace/FPGA/doorlock/seg7.v Line: 13
    Info (13026): Duplicate LATCH primitive "seg7:u3|w6[1]" merged with LATCH primitive "seg7:u3|w1[0]" File: C:/Github_Workspace/FPGA/doorlock/seg7.v Line: 13
    Info (13026): Duplicate LATCH primitive "seg7:u3|w2[6]" merged with LATCH primitive "seg7:u3|w1[6]" File: C:/Github_Workspace/FPGA/doorlock/seg7.v Line: 13
    Info (13026): Duplicate LATCH primitive "seg7:u3|w3[6]" merged with LATCH primitive "seg7:u3|w1[6]" File: C:/Github_Workspace/FPGA/doorlock/seg7.v Line: 13
    Info (13026): Duplicate LATCH primitive "seg7:u3|w3[5]" merged with LATCH primitive "seg7:u3|w3[0]" File: C:/Github_Workspace/FPGA/doorlock/seg7.v Line: 13
    Info (13026): Duplicate LATCH primitive "seg7:u3|w3[4]" merged with LATCH primitive "seg7:u3|w3[0]" File: C:/Github_Workspace/FPGA/doorlock/seg7.v Line: 13
    Info (13026): Duplicate LATCH primitive "seg7:u3|w3[3]" merged with LATCH primitive "seg7:u3|w3[0]" File: C:/Github_Workspace/FPGA/doorlock/seg7.v Line: 13
    Info (13026): Duplicate LATCH primitive "seg7:u3|w3[2]" merged with LATCH primitive "seg7:u3|w3[0]" File: C:/Github_Workspace/FPGA/doorlock/seg7.v Line: 13
    Info (13026): Duplicate LATCH primitive "seg7:u3|w3[1]" merged with LATCH primitive "seg7:u3|w3[0]" File: C:/Github_Workspace/FPGA/doorlock/seg7.v Line: 13
    Info (13026): Duplicate LATCH primitive "seg7:u3|w4[5]" merged with LATCH primitive "seg7:u3|w3[0]" File: C:/Github_Workspace/FPGA/doorlock/seg7.v Line: 13
    Info (13026): Duplicate LATCH primitive "seg7:u3|w4[0]" merged with LATCH primitive "seg7:u3|w3[0]" File: C:/Github_Workspace/FPGA/doorlock/seg7.v Line: 13
    Info (13026): Duplicate LATCH primitive "seg7:u3|w5[5]" merged with LATCH primitive "seg7:u3|w3[0]" File: C:/Github_Workspace/FPGA/doorlock/seg7.v Line: 13
    Info (13026): Duplicate LATCH primitive "seg7:u3|w5[4]" merged with LATCH primitive "seg7:u3|w3[0]" File: C:/Github_Workspace/FPGA/doorlock/seg7.v Line: 13
    Info (13026): Duplicate LATCH primitive "seg7:u3|w5[3]" merged with LATCH primitive "seg7:u3|w3[0]" File: C:/Github_Workspace/FPGA/doorlock/seg7.v Line: 13
    Info (13026): Duplicate LATCH primitive "seg7:u3|w5[0]" merged with LATCH primitive "seg7:u3|w3[0]" File: C:/Github_Workspace/FPGA/doorlock/seg7.v Line: 13
    Info (13026): Duplicate LATCH primitive "seg7:u3|w6[4]" merged with LATCH primitive "seg7:u3|w3[0]" File: C:/Github_Workspace/FPGA/doorlock/seg7.v Line: 13
    Info (13026): Duplicate LATCH primitive "seg7:u3|w6[2]" merged with LATCH primitive "seg7:u3|w3[0]" File: C:/Github_Workspace/FPGA/doorlock/seg7.v Line: 13
    Info (13026): Duplicate LATCH primitive "seg7:u3|w4[4]" merged with LATCH primitive "seg7:u3|w4[1]" File: C:/Github_Workspace/FPGA/doorlock/seg7.v Line: 13
Warning (13012): Latch seg7:u3|w1[0] has unsafe behavior File: C:/Github_Workspace/FPGA/doorlock/seg7.v Line: 13
    Warning (13013): Ports D and ENA on the latch are fed by the same signal state_machine:u1|state.STATE_START File: C:/Github_Workspace/FPGA/doorlock/state_machine.v Line: 8
Warning (13012): Latch seg7:u3|w1[6] has unsafe behavior File: C:/Github_Workspace/FPGA/doorlock/seg7.v Line: 13
    Warning (13013): Ports D and ENA on the latch are fed by the same signal state_machine:u1|state.STATE_START File: C:/Github_Workspace/FPGA/doorlock/state_machine.v Line: 8
Warning (13012): Latch seg7:u3|w3[0] has unsafe behavior File: C:/Github_Workspace/FPGA/doorlock/seg7.v Line: 13
    Warning (13013): Ports D and ENA on the latch are fed by the same signal state_machine:u1|state.STATE_START File: C:/Github_Workspace/FPGA/doorlock/state_machine.v Line: 8
Warning (13012): Latch seg7:u3|w4[1] has unsafe behavior File: C:/Github_Workspace/FPGA/doorlock/seg7.v Line: 13
    Warning (13013): Ports D and ENA on the latch are fed by the same signal state_machine:u1|state.STATE_END File: C:/Github_Workspace/FPGA/doorlock/state_machine.v Line: 8
Warning (14026): LATCH primitive "seg7:u3|w1[0]" is permanently enabled File: C:/Github_Workspace/FPGA/doorlock/seg7.v Line: 13
Warning (14026): LATCH primitive "seg7:u3|w1[6]" is permanently enabled File: C:/Github_Workspace/FPGA/doorlock/seg7.v Line: 13
Warning (14026): LATCH primitive "seg7:u3|w3[0]" is permanently enabled File: C:/Github_Workspace/FPGA/doorlock/seg7.v Line: 13
Warning (14026): LATCH primitive "seg7:u3|w4[1]" is permanently enabled File: C:/Github_Workspace/FPGA/doorlock/seg7.v Line: 13
Warning (13024): Output pins are stuck at VCC or GND
    Warning (13410): Pin "w1[1]" is stuck at VCC File: C:/Github_Workspace/FPGA/doorlock/top_doorlock.v Line: 18
    Warning (13410): Pin "w1[2]" is stuck at VCC File: C:/Github_Workspace/FPGA/doorlock/top_doorlock.v Line: 18
    Warning (13410): Pin "w2[0]" is stuck at VCC File: C:/Github_Workspace/FPGA/doorlock/top_doorlock.v Line: 18
    Warning (13410): Pin "w2[1]" is stuck at VCC File: C:/Github_Workspace/FPGA/doorlock/top_doorlock.v Line: 18
    Warning (13410): Pin "w2[2]" is stuck at VCC File: C:/Github_Workspace/FPGA/doorlock/top_doorlock.v Line: 18
    Warning (13410): Pin "w4[6]" is stuck at GND File: C:/Github_Workspace/FPGA/doorlock/top_doorlock.v Line: 18
    Warning (13410): Pin "w5[1]" is stuck at VCC File: C:/Github_Workspace/FPGA/doorlock/top_doorlock.v Line: 18
    Warning (13410): Pin "w5[2]" is stuck at VCC File: C:/Github_Workspace/FPGA/doorlock/top_doorlock.v Line: 18
    Warning (13410): Pin "w5[6]" is stuck at GND File: C:/Github_Workspace/FPGA/doorlock/top_doorlock.v Line: 18
    Warning (13410): Pin "w6[0]" is stuck at VCC File: C:/Github_Workspace/FPGA/doorlock/top_doorlock.v Line: 18
    Warning (13410): Pin "w6[5]" is stuck at VCC File: C:/Github_Workspace/FPGA/doorlock/top_doorlock.v Line: 18
    Warning (13410): Pin "w6[6]" is stuck at GND File: C:/Github_Workspace/FPGA/doorlock/top_doorlock.v Line: 18
Info (286030): Timing-Driven Synthesis is running
Info (144001): Generated suppressed messages file C:/Github_Workspace/FPGA/doorlock/output_files/top_doorlock.map.smsg
Info (16010): Generating hard_block partition "hard_block:auto_generated_inst"
    Info (16011): Adding 0 node(s), including 0 DDIO, 0 PLL, 0 transceiver and 0 LCELL
Info (21057): Implemented 122 device resources after synthesis - the final resource count might be different
    Info (21058): Implemented 8 input pins
    Info (21059): Implemented 45 output pins
    Info (21061): Implemented 69 logic cells
Info: Quartus Prime Analysis & Synthesis was successful. 0 errors, 45 warnings
    Info: Peak virtual memory: 4830 megabytes
    Info: Processing ended: Fri Jun 17 14:40:13 2022
    Info: Elapsed time: 00:00:13
    Info: Total CPU time (on all processors): 00:00:26


+------------------------------------------+
; Analysis & Synthesis Suppressed Messages ;
+------------------------------------------+
The suppressed messages can be found in C:/Github_Workspace/FPGA/doorlock/output_files/top_doorlock.map.smsg.


